[Run dir] /home/ruan/research/OpenFly-Platform/demo_results/airsim_smoke/20260629_002957
{
  "scene": {
    "env_dir": "envs/airsim/env_airsim_16",
    "env_dir_exists": true,
    "start_script": "envs/airsim/env_airsim_16/LinuxNoEditor/start.sh",
    "start_script_exists": true
  },
  "packages": {
    "airsim": {
      "ok": true
    },
    "msgpackrpc": {
      "ok": true
    }
  },
  "airsim_settings": {
    "project_settings": "envs/airsim/AirSim/settings.json",
    "project_exists": true,
    "project_sha256": "b4a0afb9c31a2c2344041c6acd6155c3a04e34142eb4b5deffe736f674e1ef0f",
    "user_settings": "/home/ruan/Documents/AirSim/settings.json",
    "user_exists": true,
    "user_sha256": "b4a0afb9c31a2c2344041c6acd6155c3a04e34142eb4b5deffe736f674e1ef0f",
    "matches_project": true
  },
  "nvidia_smi": {
    "gpu_query": {
      "ok": true,
      "returncode": 0,
      "stdout": "NVIDIA GeForce RTX 4060 Laptop GPU, 580.159.03, 8188, 2, 0, 8.9",
      "stderr": "",
      "args": [
        "nvidia-smi",
        "--query-gpu=name,driver_version,memory.total,memory.used,utilization.gpu,compute_cap",
        "--format=csv,noheader,nounits"
      ]
    },
    "compute_apps_query": {
      "ok": true,
      "returncode": 0,
      "stdout": "",
      "stderr": "",
      "args": [
        "nvidia-smi",
        "--query-compute-apps=pid,process_name,used_memory",
        "--format=csv,noheader,nounits"
      ]
    }
  },
  "selected_samples": [
    {
      "sample_index": 0,
      "image_path": "env_airsim_16/astar_data/medium_average/2025-1-9_13-18-9_387451659",
      "prompt": "Proceed in a straight line toward the large brown building with rectangular windows . Then , slightly turn right and advance forward to the gray building adorned with numerous large rectangular windows . Finally , make a slight left and continue straight to the gray office building characterized by horizontal window blinds and described as mid-rise .",
      "action_len": 16
    }
  ]
}
[Dry run done] results: /home/ruan/research/OpenFly-Platform/demo_results/airsim_smoke/20260629_002957/results.json
[Dry run done] summary: /home/ruan/research/OpenFly-Platform/demo_results/airsim_smoke/20260629_002957/summary.md
